01:50:40.222227 execve("output/hello", ["output/hello"], 0x7ffdf47df620 /* 51 vars */) = 0 <0.000633>
01:50:40.223348 brk(NULL)               = 0x5608ac8ff000 <0.000124>
01:50:40.223653 arch_prctl(0x3001 /* ARCH_??? */, 0x7fff0ca7b430) = -1 EINVAL (부적절한 인수) <0.000073>
01:50:40.224250 access("/etc/ld.so.preload", R_OK) = -1 ENOENT (그런 파일이나 디렉터리가 없습니다) <0.000091>
01:50:40.224523 openat(AT_FDCWD, "/etc/ld.so.cache", O_RDONLY|O_CLOEXEC) = 3 <0.000090>
01:50:40.224766 fstat(3, {st_mode=S_IFREG|0644, st_size=66824, ...}) = 0 <0.000081>
01:50:40.224982 mmap(NULL, 66824, PROT_READ, MAP_PRIVATE, 3, 0) = 0x7fa666d69000 <0.000033>
01:50:40.225084 close(3)                = 0 <0.000026>
01:50:40.225207 openat(AT_FDCWD, "/lib/x86_64-linux-gnu/libc.so.6", O_RDONLY|O_CLOEXEC) = 3 <0.000048>
01:50:40.225363 read(3, "\177ELF\2\1\1\3\0\0\0\0\0\0\0\0\3\0>\0\1\0\0\0\360q\2\0\0\0\0\0"..., 832) = 832 <0.000026>
01:50:40.225473 pread64(3, "\6\0\0\0\4\0\0\0@\0\0\0\0\0\0\0@\0\0\0\0\0\0\0@\0\0\0\0\0\0\0"..., 784, 64) = 784 <0.000023>
01:50:40.225568 pread64(3, "\4\0\0\0\20\0\0\0\5\0\0\0GNU\0\2\0\0\300\4\0\0\0\3\0\0\0\0\0\0\0", 32, 848) = 32 <0.000023>
01:50:40.225671 pread64(3, "\4\0\0\0\24\0\0\0\3\0\0\0GNU\0\t\233\222%\274\260\320\31\331\326\10\204\276X>\263"..., 68, 880) = 68 <0.000033>
01:50:40.225801 fstat(3, {st_mode=S_IFREG|0755, st_size=2029224, ...}) = 0 <0.000029>
01:50:40.225936 mmap(NULL, 8192, PROT_READ|PROT_WRITE, MAP_PRIVATE|MAP_ANONYMOUS, -1, 0) = 0x7fa666d67000 <0.000032>
01:50:40.226072 pread64(3, "\6\0\0\0\4\0\0\0@\0\0\0\0\0\0\0@\0\0\0\0\0\0\0@\0\0\0\0\0\0\0"..., 784, 64) = 784 <0.000032>
01:50:40.226233 pread64(3, "\4\0\0\0\20\0\0\0\5\0\0\0GNU\0\2\0\0\300\4\0\0\0\3\0\0\0\0\0\0\0", 32, 848) = 32 <0.000050>
01:50:40.226372 pread64(3, "\4\0\0\0\24\0\0\0\3\0\0\0GNU\0\t\233\222%\274\260\320\31\331\326\10\204\276X>\263"..., 68, 880) = 68 <0.000026>
01:50:40.226485 mmap(NULL, 2036952, PROT_READ, MAP_PRIVATE|MAP_DENYWRITE, 3, 0) = 0x7fa666b75000 <0.000032>
01:50:40.226598 mprotect(0x7fa666b9a000, 1847296, PROT_NONE) = 0 <0.000040>
01:50:40.226721 mmap(0x7fa666b9a000, 1540096, PROT_READ|PROT_EXEC, MAP_PRIVATE|MAP_FIXED|MAP_DENYWRITE, 3, 0x25000) = 0x7fa666b9a000 <0.000045>
01:50:40.226847 mmap(0x7fa666d12000, 303104, PROT_READ, MAP_PRIVATE|MAP_FIXED|MAP_DENYWRITE, 3, 0x19d000) = 0x7fa666d12000 <0.000036>
01:50:40.226966 mmap(0x7fa666d5d000, 24576, PROT_READ|PROT_WRITE, MAP_PRIVATE|MAP_FIXED|MAP_DENYWRITE, 3, 0x1e7000) = 0x7fa666d5d000 <0.000044>
01:50:40.227105 mmap(0x7fa666d63000, 13528, PROT_READ|PROT_WRITE, MAP_PRIVATE|MAP_FIXED|MAP_ANONYMOUS, -1, 0) = 0x7fa666d63000 <0.000032>
01:50:40.227234 close(3)                = 0 <0.000026>
01:50:40.227364 arch_prctl(ARCH_SET_FS, 0x7fa666d68540) = 0 <0.000024>
01:50:40.227550 mprotect(0x7fa666d5d000, 12288, PROT_READ) = 0 <0.000035>
01:50:40.227663 mprotect(0x5608abae0000, 4096, PROT_READ) = 0 <0.000031>
01:50:40.227774 mprotect(0x7fa666da7000, 4096, PROT_READ) = 0 <0.000031>
01:50:40.227879 munmap(0x7fa666d69000, 66824) = 0 <0.000057>
01:50:40.228119 fstat(1, {st_mode=S_IFCHR|0620, st_rdev=makedev(0x88, 0x1), ...}) = 0 <0.000036>
01:50:40.228394 brk(NULL)               = 0x5608ac8ff000 <0.000044>
01:50:40.228523 brk(0x5608ac920000)     = 0x5608ac920000 <0.000048>
01:50:40.228692 write(1, "Hello world\n", 12) = 12 <0.000050>
01:50:40.228859 exit_group(0)           = ?
01:50:40.229160 +++ exited with 0 +++
