01:50:17.681585 execve("output/hello", ["output/hello"], 0x7ffc29583328 /* 51 vars */) = 0
01:50:17.682700 brk(NULL)               = 0x55667a68f000
01:50:17.683055 arch_prctl(0x3001 /* ARCH_??? */, 0x7fff0fe4fbf0) = -1 EINVAL (부적절한 인수)
01:50:17.683621 access("/etc/ld.so.preload", R_OK) = -1 ENOENT (그런 파일이나 디렉터리가 없습니다)
01:50:17.683767 openat(AT_FDCWD, "/etc/ld.so.cache", O_RDONLY|O_CLOEXEC) = 3
01:50:17.683872 fstat(3, {st_mode=S_IFREG|0644, st_size=66824, ...}) = 0
01:50:17.683972 mmap(NULL, 66824, PROT_READ, MAP_PRIVATE, 3, 0) = 0x7f75449ff000
01:50:17.684070 close(3)                = 0
01:50:17.684173 openat(AT_FDCWD, "/lib/x86_64-linux-gnu/libc.so.6", O_RDONLY|O_CLOEXEC) = 3
01:50:17.684273 read(3, "\177ELF\2\1\1\3\0\0\0\0\0\0\0\0\3\0>\0\1\0\0\0\360q\2\0\0\0\0\0"..., 832) = 832
01:50:17.684369 pread64(3, "\6\0\0\0\4\0\0\0@\0\0\0\0\0\0\0@\0\0\0\0\0\0\0@\0\0\0\0\0\0\0"..., 784, 64) = 784
01:50:17.684460 pread64(3, "\4\0\0\0\20\0\0\0\5\0\0\0GNU\0\2\0\0\300\4\0\0\0\3\0\0\0\0\0\0\0", 32, 848) = 32
01:50:17.684551 pread64(3, "\4\0\0\0\24\0\0\0\3\0\0\0GNU\0\t\233\222%\274\260\320\31\331\326\10\204\276X>\263"..., 68, 880) = 68
01:50:17.684643 fstat(3, {st_mode=S_IFREG|0755, st_size=2029224, ...}) = 0
01:50:17.684737 mmap(NULL, 8192, PROT_READ|PROT_WRITE, MAP_PRIVATE|MAP_ANONYMOUS, -1, 0) = 0x7f75449fd000
01:50:17.684837 pread64(3, "\6\0\0\0\4\0\0\0@\0\0\0\0\0\0\0@\0\0\0\0\0\0\0@\0\0\0\0\0\0\0"..., 784, 64) = 784
01:50:17.684943 pread64(3, "\4\0\0\0\20\0\0\0\5\0\0\0GNU\0\2\0\0\300\4\0\0\0\3\0\0\0\0\0\0\0", 32, 848) = 32
01:50:17.685036 pread64(3, "\4\0\0\0\24\0\0\0\3\0\0\0GNU\0\t\233\222%\274\260\320\31\331\326\10\204\276X>\263"..., 68, 880) = 68
01:50:17.685125 mmap(NULL, 2036952, PROT_READ, MAP_PRIVATE|MAP_DENYWRITE, 3, 0) = 0x7f754480b000
01:50:17.685219 mprotect(0x7f7544830000, 1847296, PROT_NONE) = 0
01:50:17.685318 mmap(0x7f7544830000, 1540096, PROT_READ|PROT_EXEC, MAP_PRIVATE|MAP_FIXED|MAP_DENYWRITE, 3, 0x25000) = 0x7f7544830000
01:50:17.685422 mmap(0x7f75449a8000, 303104, PROT_READ, MAP_PRIVATE|MAP_FIXED|MAP_DENYWRITE, 3, 0x19d000) = 0x7f75449a8000
01:50:17.685534 mmap(0x7f75449f3000, 24576, PROT_READ|PROT_WRITE, MAP_PRIVATE|MAP_FIXED|MAP_DENYWRITE, 3, 0x1e7000) = 0x7f75449f3000
01:50:17.685644 mmap(0x7f75449f9000, 13528, PROT_READ|PROT_WRITE, MAP_PRIVATE|MAP_FIXED|MAP_ANONYMOUS, -1, 0) = 0x7f75449f9000
01:50:17.685749 close(3)                = 0
01:50:17.685859 arch_prctl(ARCH_SET_FS, 0x7f75449fe540) = 0
01:50:17.686032 mprotect(0x7f75449f3000, 12288, PROT_READ) = 0
01:50:17.686150 mprotect(0x55667a050000, 4096, PROT_READ) = 0
01:50:17.686246 mprotect(0x7f7544a3d000, 4096, PROT_READ) = 0
01:50:17.686335 munmap(0x7f75449ff000, 66824) = 0
01:50:17.686542 fstat(1, {st_mode=S_IFCHR|0620, st_rdev=makedev(0x88, 0x1), ...}) = 0
01:50:17.686721 brk(NULL)               = 0x55667a68f000
01:50:17.686810 brk(0x55667a6b0000)     = 0x55667a6b0000
01:50:17.686907 write(1, "Hello world\n", 12) = 12
01:50:17.687022 exit_group(0)           = ?
01:50:17.687218 +++ exited with 0 +++
