execve("output/hello", ["output/hello"], 0x7ffc306a8ee8 /* 51 vars */) = 0 <0.000514>
brk(NULL)                               = 0x5586eda9b000 <0.000055>
arch_prctl(0x3001 /* ARCH_??? */, 0x7ffda227b600) = -1 EINVAL (부적절한 인수) <0.000026>
access("/etc/ld.so.preload", R_OK)      = -1 ENOENT (그런 파일이나 디렉터리가 없습니다) <0.000040>
openat(AT_FDCWD, "/etc/ld.so.cache", O_RDONLY|O_CLOEXEC) = 3 <0.000039>
fstat(3, {st_mode=S_IFREG|0644, st_size=66824, ...}) = 0 <0.000030>
mmap(NULL, 66824, PROT_READ, MAP_PRIVATE, 3, 0) = 0x7f8ba5cb1000 <0.000034>
close(3)                                = 0 <0.000024>
openat(AT_FDCWD, "/lib/x86_64-linux-gnu/libc.so.6", O_RDONLY|O_CLOEXEC) = 3 <0.000034>
read(3, "\177ELF\2\1\1\3\0\0\0\0\0\0\0\0\3\0>\0\1\0\0\0\360q\2\0\0\0\0\0"..., 832) = 832 <0.000030>
pread64(3, "\6\0\0\0\4\0\0\0@\0\0\0\0\0\0\0@\0\0\0\0\0\0\0@\0\0\0\0\0\0\0"..., 784, 64) = 784 <0.000029>
pread64(3, "\4\0\0\0\20\0\0\0\5\0\0\0GNU\0\2\0\0\300\4\0\0\0\3\0\0\0\0\0\0\0", 32, 848) = 32 <0.000029>
pread64(3, "\4\0\0\0\24\0\0\0\3\0\0\0GNU\0\t\233\222%\274\260\320\31\331\326\10\204\276X>\263"..., 68, 880) = 68 <0.000025>
fstat(3, {st_mode=S_IFREG|0755, st_size=2029224, ...}) = 0 <0.000026>
mmap(NULL, 8192, PROT_READ|PROT_WRITE, MAP_PRIVATE|MAP_ANONYMOUS, -1, 0) = 0x7f8ba5caf000 <0.000030>
pread64(3, "\6\0\0\0\4\0\0\0@\0\0\0\0\0\0\0@\0\0\0\0\0\0\0@\0\0\0\0\0\0\0"..., 784, 64) = 784 <0.000027>
pread64(3, "\4\0\0\0\20\0\0\0\5\0\0\0GNU\0\2\0\0\300\4\0\0\0\3\0\0\0\0\0\0\0", 32, 848) = 32 <0.000028>
pread64(3, "\4\0\0\0\24\0\0\0\3\0\0\0GNU\0\t\233\222%\274\260\320\31\331\326\10\204\276X>\263"..., 68, 880) = 68 <0.000025>
mmap(NULL, 2036952, PROT_READ, MAP_PRIVATE|MAP_DENYWRITE, 3, 0) = 0x7f8ba5abd000 <0.000033>
mprotect(0x7f8ba5ae2000, 1847296, PROT_NONE) = 0 <0.000039>
mmap(0x7f8ba5ae2000, 1540096, PROT_READ|PROT_EXEC, MAP_PRIVATE|MAP_FIXED|MAP_DENYWRITE, 3, 0x25000) = 0x7f8ba5ae2000 <0.000041>
mmap(0x7f8ba5c5a000, 303104, PROT_READ, MAP_PRIVATE|MAP_FIXED|MAP_DENYWRITE, 3, 0x19d000) = 0x7f8ba5c5a000 <0.000103>
mmap(0x7f8ba5ca5000, 24576, PROT_READ|PROT_WRITE, MAP_PRIVATE|MAP_FIXED|MAP_DENYWRITE, 3, 0x1e7000) = 0x7f8ba5ca5000 <0.000100>
mmap(0x7f8ba5cab000, 13528, PROT_READ|PROT_WRITE, MAP_PRIVATE|MAP_FIXED|MAP_ANONYMOUS, -1, 0) = 0x7f8ba5cab000 <0.000100>
close(3)                                = 0 <0.000033>
arch_prctl(ARCH_SET_FS, 0x7f8ba5cb0540) = 0 <0.000037>
mprotect(0x7f8ba5ca5000, 12288, PROT_READ) = 0 <0.000017>
mprotect(0x5586ecbc6000, 4096, PROT_READ) = 0 <0.000046>
mprotect(0x7f8ba5cef000, 4096, PROT_READ) = 0 <0.000009>
munmap(0x7f8ba5cb1000, 66824)           = 0 <0.000014>
fstat(1, {st_mode=S_IFCHR|0620, st_rdev=makedev(0x88, 0x1), ...}) = 0 <0.000013>
brk(NULL)                               = 0x5586eda9b000 <0.000007>
brk(0x5586edabc000)                     = 0x5586edabc000 <0.000008>
write(1, "Hello world\n", 12)           = 12 <0.000018>
exit_group(0)                           = ?
+++ exited with 0 +++
